<?xml version="1.0" encoding="UTF-8"?>
<!-- Generated by org.testng.reporters.JUnitXMLReporter -->
<testsuite ignored="0" hostname="DESKTOP-SBCH75U" failures="0" tests="9" name="Test" time="99.963" errors="0" timestamp="2021-05-19T21:09:05 IST">
  <testcase classname="Activities.Activity1" name="verifyWebsiteTitle" time="0.035"/>
  <testcase classname="Activities.Activity3" name="printImageURL" time="0.082"/>
  <testcase classname="Activities.Activity2" name="verifyWebsiteHeading" time="0.091"/>
  <testcase classname="Activities.Activity5" name="navugateToOtherPage" time="0.721"/>
  <testcase classname="Activities.Activity4" name="verifyWebsiteSecondHeading" time="0.083"/>
  <testcase classname="Activities.Activity7" name="ncreateNewJobListing" time="11.867"/>
  <testcase classname="Activities.Activity6" name="applyToAJob" time="2.429"/>
  <testcase classname="Activities.Activity9" name="createJobUsingBackend" time="10.999"/>
  <testcase classname="Activities.Activity8" name="websiteFromBackend" time="1.679"/>
</testsuite> <!-- Test -->
